[2019-08-09 16:37:16,295] multiqc                                            [DEBUG  ]  No MultiQC config found: /home/sandro/.local/lib/python2.7/site-packages/multiqc_config.yaml
[2019-08-09 16:37:16,295] multiqc                                            [DEBUG  ]  No MultiQC config found: /home/sandro/.multiqc_config.yaml
[2019-08-09 16:37:16,295] multiqc                                            [DEBUG  ]  No MultiQC config found: multiqc_config.yaml
[2019-08-09 16:37:16,295] multiqc                                            [DEBUG  ]  Command used: /home/sandro/.local/bin/multiqc .
[2019-08-09 16:37:18,446] multiqc                                            [DEBUG  ]  Latest MultiQC version is v1.7
[2019-08-09 16:37:18,446] multiqc                                            [INFO   ]  This is MultiQC v1.7
[2019-08-09 16:37:18,446] multiqc                                            [DEBUG  ]  Command     : /home/sandro/.local/bin/multiqc .
[2019-08-09 16:37:18,446] multiqc                                            [DEBUG  ]  Working dir : /home/sandro/Programas/ESCLAVO/0-raw
[2019-08-09 16:37:18,447] multiqc                                            [INFO   ]  Template    : default
[2019-08-09 16:37:18,447] multiqc                                            [INFO   ]  Searching '.'
[2019-08-09 16:37:18,448] multiqc                                            [DEBUG  ]  Analysing modules: custom_content, conpair, peddy, methylQA, phantompeakqualtools, qualimap, preseq, quast, qorts, rna_seqc, rsem, rseqc, busco, goleft_indexcov, disambiguate, supernova, deeptools, sargasso, verifybamid, mirtrace, happy, homer, macs2, theta2, snpeff, gatk, htseq, bcftools, featureCounts, dedup, damageprofiler, picard, prokka, samblaster, samtools, bamtools, jellyfish, vcftools, longranger, stacks, bbmap, bismark, biscuit, hicexplorer, hicup, hicpro, salmon, kallisto, slamdunk, star, hisat2, tophat, bowtie2, bowtie1, kat, leehom, adapterRemoval, clipandmerge, cutadapt, flexbar, trimmomatic, skewer, sortmerna, biobloomtools, fastq_screen, afterqc, fastp, fastqc, minionqc, clusterflow, bcl2fastq, interop, flash
[2019-08-09 16:37:18,448] multiqc                                            [DEBUG  ]  Using temporary directory for creating report: /tmp/tmpUrBY5z
[2019-08-09 16:37:18,784] multiqc                                            [DEBUG  ]  Ignoring file as matched an ignore pattern: ERR3357164_1.fastq.gz
[2019-08-09 16:37:18,792] multiqc                                            [DEBUG  ]  Ignoring file as matched an ignore pattern: ERR3357164_2_fastqc.html
[2019-08-09 16:37:18,793] multiqc                                            [DEBUG  ]  Ignoring file as matched an ignore pattern: ERR3357150_2.fastq.gz
[2019-08-09 16:37:18,793] multiqc                                            [DEBUG  ]  Ignoring file as matched an ignore pattern: ERR3357150_2_fastqc.html
[2019-08-09 16:37:18,793] multiqc                                            [DEBUG  ]  Ignoring file as matched an ignore pattern: ERR3357130_1.fastq.gz
[2019-08-09 16:37:18,794] multiqc                                            [DEBUG  ]  Ignoring file as matched an ignore pattern: ERR3357164_2.fastq.gz
[2019-08-09 16:37:18,794] multiqc                                            [DEBUG  ]  Ignoring file as matched an ignore pattern: ERR3357164_1_fastqc.html
[2019-08-09 16:37:18,794] multiqc                                            [DEBUG  ]  Ignoring file as matched an ignore pattern: ERR3357130_2_fastqc.html
[2019-08-09 16:37:18,806] multiqc                                            [DEBUG  ]  Ignoring file as matched an ignore pattern: ERR3357130_2.fastq.gz
[2019-08-09 16:37:18,806] multiqc                                            [DEBUG  ]  Ignoring file as matched an ignore pattern: ERR3357150_1_fastqc.html
[2019-08-09 16:37:18,806] multiqc                                            [DEBUG  ]  Ignoring file as matched an ignore pattern: ERR3357150_1.fastq.gz
[2019-08-09 16:37:18,812] multiqc                                            [DEBUG  ]  Ignoring file as matched an ignore pattern: ERR3357130_1_fastqc.html
[2019-08-09 16:37:19,883] multiqc                                            [DEBUG  ]  No samples found: custom_content
[2019-08-09 16:37:19,907] multiqc                                            [DEBUG  ]  No samples found: conpair
[2019-08-09 16:37:19,925] multiqc                                            [DEBUG  ]  No samples found: peddy
[2019-08-09 16:37:19,940] multiqc                                            [DEBUG  ]  No samples found: methylQA
[2019-08-09 16:37:19,950] multiqc                                            [DEBUG  ]  No samples found: phantompeakqualtools
[2019-08-09 16:37:19,966] multiqc                                            [DEBUG  ]  No samples found: qualimap
[2019-08-09 16:37:19,973] multiqc                                            [DEBUG  ]  No samples found: preseq
[2019-08-09 16:37:19,978] multiqc                                            [DEBUG  ]  No samples found: quast
[2019-08-09 16:37:19,994] multiqc                                            [DEBUG  ]  No samples found: qorts
[2019-08-09 16:37:19,998] multiqc                                            [DEBUG  ]  No samples found: rna_seqc
[2019-08-09 16:37:20,001] multiqc                                            [DEBUG  ]  No samples found: rsem
[2019-08-09 16:37:20,034] multiqc                                            [DEBUG  ]  No samples found: rseqc
[2019-08-09 16:37:20,037] multiqc                                            [DEBUG  ]  No samples found: busco
[2019-08-09 16:37:20,041] multiqc                                            [DEBUG  ]  No samples found: goleft_indexcov
[2019-08-09 16:37:20,044] multiqc                                            [DEBUG  ]  No samples found: disambiguate
[2019-08-09 16:37:20,047] multiqc                                            [DEBUG  ]  No samples found: supernova
[2019-08-09 16:37:20,052] multiqc                                            [DEBUG  ]  No samples found: deeptools
[2019-08-09 16:37:20,055] multiqc                                            [DEBUG  ]  No samples found: sargasso
[2019-08-09 16:37:20,058] multiqc                                            [DEBUG  ]  No samples found: verifybamid
[2019-08-09 16:37:20,060] multiqc                                            [DEBUG  ]  No samples found: mirtrace
[2019-08-09 16:37:20,063] multiqc                                            [DEBUG  ]  No samples found: happy
[2019-08-09 16:37:20,066] multiqc                                            [DEBUG  ]  No samples found: homer
[2019-08-09 16:37:20,069] multiqc                                            [DEBUG  ]  No samples found: macs2
[2019-08-09 16:37:20,077] multiqc                                            [DEBUG  ]  No samples found: theta2
[2019-08-09 16:37:20,083] multiqc                                            [DEBUG  ]  No samples found: snpeff
[2019-08-09 16:37:20,088] multiqc                                            [DEBUG  ]  No samples found: gatk
[2019-08-09 16:37:20,092] multiqc                                            [DEBUG  ]  No samples found: htseq
[2019-08-09 16:37:20,095] multiqc                                            [DEBUG  ]  No samples found: bcftools
[2019-08-09 16:37:20,098] multiqc                                            [DEBUG  ]  No samples found: featureCounts
[2019-08-09 16:37:20,101] multiqc                                            [DEBUG  ]  No samples found: dedup
[2019-08-09 16:37:20,104] multiqc                                            [DEBUG  ]  No samples found: damageprofiler
[2019-08-09 16:37:20,109] multiqc                                            [DEBUG  ]  No samples found: picard
[2019-08-09 16:37:20,112] multiqc                                            [DEBUG  ]  No samples found: prokka
[2019-08-09 16:37:20,114] multiqc                                            [DEBUG  ]  No samples found: samblaster
[2019-08-09 16:37:20,117] multiqc                                            [DEBUG  ]  No samples found: samtools
[2019-08-09 16:37:20,120] multiqc                                            [DEBUG  ]  No samples found: bamtools
[2019-08-09 16:37:20,123] multiqc                                            [DEBUG  ]  No samples found: jellyfish
[2019-08-09 16:37:20,126] multiqc                                            [DEBUG  ]  No samples found: vcftools
[2019-08-09 16:37:20,128] multiqc                                            [DEBUG  ]  No samples found: longranger
[2019-08-09 16:37:20,131] multiqc                                            [DEBUG  ]  No samples found: stacks
[2019-08-09 16:37:20,136] multiqc                                            [DEBUG  ]  No samples found: bbmap
[2019-08-09 16:37:20,138] multiqc                                            [DEBUG  ]  No samples found: bismark
[2019-08-09 16:37:20,141] multiqc                                            [DEBUG  ]  No samples found: biscuit
[2019-08-09 16:37:20,144] multiqc                                            [DEBUG  ]  No samples found: hicexplorer
[2019-08-09 16:37:20,146] multiqc                                            [DEBUG  ]  No samples found: hicup
[2019-08-09 16:37:20,149] multiqc                                            [DEBUG  ]  No samples found: hicpro
[2019-08-09 16:37:20,151] multiqc                                            [DEBUG  ]  No samples found: salmon
[2019-08-09 16:37:20,169] multiqc                                            [DEBUG  ]  No samples found: kallisto
[2019-08-09 16:37:20,177] multiqc                                            [DEBUG  ]  No samples found: slamdunk
[2019-08-09 16:37:20,180] multiqc                                            [DEBUG  ]  No samples found: star
[2019-08-09 16:37:20,183] multiqc                                            [DEBUG  ]  No samples found: hisat2
[2019-08-09 16:37:20,185] multiqc                                            [DEBUG  ]  No samples found: tophat
[2019-08-09 16:37:20,187] multiqc                                            [DEBUG  ]  No samples found: bowtie2
[2019-08-09 16:37:20,190] multiqc                                            [DEBUG  ]  No samples found: bowtie1
[2019-08-09 16:37:20,192] multiqc                                            [DEBUG  ]  No samples found: kat
[2019-08-09 16:37:20,203] multiqc                                            [DEBUG  ]  No samples found: leehom
[2019-08-09 16:37:20,212] multiqc                                            [DEBUG  ]  No samples found: adapterRemoval
[2019-08-09 16:37:20,228] multiqc                                            [DEBUG  ]  No samples found: clipandmerge
[2019-08-09 16:37:20,235] multiqc                                            [DEBUG  ]  No samples found: cutadapt
[2019-08-09 16:37:20,240] multiqc                                            [DEBUG  ]  No samples found: flexbar
[2019-08-09 16:37:20,244] multiqc                                            [DEBUG  ]  No samples found: trimmomatic
[2019-08-09 16:37:20,248] multiqc                                            [DEBUG  ]  No samples found: skewer
[2019-08-09 16:37:20,252] multiqc                                            [DEBUG  ]  No samples found: sortmerna
[2019-08-09 16:37:20,255] multiqc                                            [DEBUG  ]  No samples found: biobloomtools
[2019-08-09 16:37:20,258] multiqc                                            [DEBUG  ]  No samples found: fastq_screen
[2019-08-09 16:37:20,260] multiqc                                            [DEBUG  ]  No samples found: afterqc
[2019-08-09 16:37:20,263] multiqc                                            [DEBUG  ]  No samples found: fastp
[2019-08-09 16:37:20,287] multiqc.modules.fastqc.fastqc                      [INFO   ]  Found 6 reports
[2019-08-09 16:37:20,388] multiqc                                            [DEBUG  ]  No samples found: minionqc
[2019-08-09 16:37:20,391] multiqc                                            [DEBUG  ]  No samples found: clusterflow
[2019-08-09 16:37:20,393] multiqc                                            [DEBUG  ]  No samples found: bcl2fastq
[2019-08-09 16:37:20,396] multiqc                                            [DEBUG  ]  No samples found: interop
[2019-08-09 16:37:20,398] multiqc                                            [DEBUG  ]  No samples found: flash
[2019-08-09 16:37:20,404] multiqc                                            [INFO   ]  Compressing plot data
[2019-08-09 16:37:20,510] multiqc                                            [INFO   ]  Report      : multiqc_report.html
[2019-08-09 16:37:20,510] multiqc                                            [INFO   ]  Data        : multiqc_data
[2019-08-09 16:37:20,511] multiqc                                            [DEBUG  ]  Moving data file from '/tmp/tmpUrBY5z/multiqc_data/multiqc_general_stats.txt' to '/home/sandro/Programas/ESCLAVO/0-raw/multiqc_data'
[2019-08-09 16:37:20,511] multiqc                                            [DEBUG  ]  Moving data file from '/tmp/tmpUrBY5z/multiqc_data/multiqc_fastqc.txt' to '/home/sandro/Programas/ESCLAVO/0-raw/multiqc_data'
[2019-08-09 16:37:20,511] multiqc                                            [DEBUG  ]  Moving data file from '/tmp/tmpUrBY5z/multiqc_data/multiqc_data.json' to '/home/sandro/Programas/ESCLAVO/0-raw/multiqc_data'
[2019-08-09 16:37:20,511] multiqc                                            [DEBUG  ]  Moving data file from '/tmp/tmpUrBY5z/multiqc_data/multiqc_sources.txt' to '/home/sandro/Programas/ESCLAVO/0-raw/multiqc_data'
[2019-08-09 16:37:20,669] multiqc                                            [INFO   ]  MultiQC complete
