[2019-08-01 12:52:25,458] multiqc                                            [DEBUG  ]  No MultiQC config found: /home/sandro/.local/lib/python2.7/site-packages/multiqc_config.yaml
[2019-08-01 12:52:25,458] multiqc                                            [DEBUG  ]  No MultiQC config found: /home/sandro/.multiqc_config.yaml
[2019-08-01 12:52:25,458] multiqc                                            [DEBUG  ]  No MultiQC config found: multiqc_config.yaml
[2019-08-01 12:52:25,458] multiqc                                            [DEBUG  ]  Command used: /home/sandro/.local/bin/multiqc .
[2019-08-01 12:52:26,918] multiqc                                            [DEBUG  ]  Latest MultiQC version is v1.7
[2019-08-01 12:52:26,919] multiqc                                            [INFO   ]  This is MultiQC v1.7
[2019-08-01 12:52:26,919] multiqc                                            [DEBUG  ]  Command     : /home/sandro/.local/bin/multiqc .
[2019-08-01 12:52:26,919] multiqc                                            [DEBUG  ]  Working dir : /home/sandro/Programas/ESCLAVO/0-fastq16s
[2019-08-01 12:52:26,919] multiqc                                            [INFO   ]  Template    : default
[2019-08-01 12:52:26,919] multiqc                                            [INFO   ]  Searching '.'
[2019-08-01 12:52:26,920] multiqc                                            [DEBUG  ]  Analysing modules: custom_content, conpair, peddy, methylQA, phantompeakqualtools, qualimap, preseq, quast, qorts, rna_seqc, rsem, rseqc, busco, goleft_indexcov, disambiguate, supernova, deeptools, sargasso, verifybamid, mirtrace, happy, homer, macs2, theta2, snpeff, gatk, htseq, bcftools, featureCounts, dedup, damageprofiler, picard, prokka, samblaster, samtools, bamtools, jellyfish, vcftools, longranger, stacks, bbmap, bismark, biscuit, hicexplorer, hicup, hicpro, salmon, kallisto, slamdunk, star, hisat2, tophat, bowtie2, bowtie1, kat, leehom, adapterRemoval, clipandmerge, cutadapt, flexbar, trimmomatic, skewer, sortmerna, biobloomtools, fastq_screen, afterqc, fastp, fastqc, minionqc, clusterflow, bcl2fastq, interop, flash
[2019-08-01 12:52:26,921] multiqc                                            [DEBUG  ]  Using temporary directory for creating report: /tmp/tmp2TSvET
[2019-08-01 12:52:26,988] multiqc                                            [DEBUG  ]  Ignoring file as matched an ignore pattern: ERR3357164_1.fastq.gz
[2019-08-01 12:52:26,988] multiqc                                            [DEBUG  ]  Ignoring file as matched an ignore pattern: ERR3357164_2_fastqc.html
[2019-08-01 12:52:26,994] multiqc                                            [DEBUG  ]  Ignoring file as matched an ignore pattern: ERR3357164_2.fastq.gz
[2019-08-01 12:52:26,994] multiqc                                            [DEBUG  ]  Ignoring file as matched an ignore pattern: ERR3357164_1_fastqc.html
[2019-08-01 12:52:27,130] multiqc                                            [DEBUG  ]  No samples found: custom_content
[2019-08-01 12:52:27,133] multiqc                                            [DEBUG  ]  No samples found: conpair
[2019-08-01 12:52:27,135] multiqc                                            [DEBUG  ]  No samples found: peddy
[2019-08-01 12:52:27,137] multiqc                                            [DEBUG  ]  No samples found: methylQA
[2019-08-01 12:52:27,139] multiqc                                            [DEBUG  ]  No samples found: phantompeakqualtools
[2019-08-01 12:52:27,141] multiqc                                            [DEBUG  ]  No samples found: qualimap
[2019-08-01 12:52:27,143] multiqc                                            [DEBUG  ]  No samples found: preseq
[2019-08-01 12:52:27,146] multiqc                                            [DEBUG  ]  No samples found: quast
[2019-08-01 12:52:27,148] multiqc                                            [DEBUG  ]  No samples found: qorts
[2019-08-01 12:52:27,150] multiqc                                            [DEBUG  ]  No samples found: rna_seqc
[2019-08-01 12:52:27,152] multiqc                                            [DEBUG  ]  No samples found: rsem
[2019-08-01 12:52:27,179] multiqc                                            [DEBUG  ]  No samples found: rseqc
[2019-08-01 12:52:27,182] multiqc                                            [DEBUG  ]  No samples found: busco
[2019-08-01 12:52:27,185] multiqc                                            [DEBUG  ]  No samples found: goleft_indexcov
[2019-08-01 12:52:27,187] multiqc                                            [DEBUG  ]  No samples found: disambiguate
[2019-08-01 12:52:27,190] multiqc                                            [DEBUG  ]  No samples found: supernova
[2019-08-01 12:52:27,193] multiqc                                            [DEBUG  ]  No samples found: deeptools
[2019-08-01 12:52:27,195] multiqc                                            [DEBUG  ]  No samples found: sargasso
[2019-08-01 12:52:27,198] multiqc                                            [DEBUG  ]  No samples found: verifybamid
[2019-08-01 12:52:27,200] multiqc                                            [DEBUG  ]  No samples found: mirtrace
[2019-08-01 12:52:27,202] multiqc                                            [DEBUG  ]  No samples found: happy
[2019-08-01 12:52:27,205] multiqc                                            [DEBUG  ]  No samples found: homer
[2019-08-01 12:52:27,207] multiqc                                            [DEBUG  ]  No samples found: macs2
[2019-08-01 12:52:27,209] multiqc                                            [DEBUG  ]  No samples found: theta2
[2019-08-01 12:52:27,211] multiqc                                            [DEBUG  ]  No samples found: snpeff
[2019-08-01 12:52:27,214] multiqc                                            [DEBUG  ]  No samples found: gatk
[2019-08-01 12:52:27,216] multiqc                                            [DEBUG  ]  No samples found: htseq
[2019-08-01 12:52:27,218] multiqc                                            [DEBUG  ]  No samples found: bcftools
[2019-08-01 12:52:27,220] multiqc                                            [DEBUG  ]  No samples found: featureCounts
[2019-08-01 12:52:27,222] multiqc                                            [DEBUG  ]  No samples found: dedup
[2019-08-01 12:52:27,224] multiqc                                            [DEBUG  ]  No samples found: damageprofiler
[2019-08-01 12:52:27,227] multiqc                                            [DEBUG  ]  No samples found: picard
[2019-08-01 12:52:27,229] multiqc                                            [DEBUG  ]  No samples found: prokka
[2019-08-01 12:52:27,231] multiqc                                            [DEBUG  ]  No samples found: samblaster
[2019-08-01 12:52:27,234] multiqc                                            [DEBUG  ]  No samples found: samtools
[2019-08-01 12:52:27,236] multiqc                                            [DEBUG  ]  No samples found: bamtools
[2019-08-01 12:52:27,238] multiqc                                            [DEBUG  ]  No samples found: jellyfish
[2019-08-01 12:52:27,240] multiqc                                            [DEBUG  ]  No samples found: vcftools
[2019-08-01 12:52:27,242] multiqc                                            [DEBUG  ]  No samples found: longranger
[2019-08-01 12:52:27,244] multiqc                                            [DEBUG  ]  No samples found: stacks
[2019-08-01 12:52:27,247] multiqc                                            [DEBUG  ]  No samples found: bbmap
[2019-08-01 12:52:27,249] multiqc                                            [DEBUG  ]  No samples found: bismark
[2019-08-01 12:52:27,252] multiqc                                            [DEBUG  ]  No samples found: biscuit
[2019-08-01 12:52:27,254] multiqc                                            [DEBUG  ]  No samples found: hicexplorer
[2019-08-01 12:52:27,256] multiqc                                            [DEBUG  ]  No samples found: hicup
[2019-08-01 12:52:27,258] multiqc                                            [DEBUG  ]  No samples found: hicpro
[2019-08-01 12:52:27,260] multiqc                                            [DEBUG  ]  No samples found: salmon
[2019-08-01 12:52:27,262] multiqc                                            [DEBUG  ]  No samples found: kallisto
[2019-08-01 12:52:27,264] multiqc                                            [DEBUG  ]  No samples found: slamdunk
[2019-08-01 12:52:27,266] multiqc                                            [DEBUG  ]  No samples found: star
[2019-08-01 12:52:27,269] multiqc                                            [DEBUG  ]  No samples found: hisat2
[2019-08-01 12:52:27,271] multiqc                                            [DEBUG  ]  No samples found: tophat
[2019-08-01 12:52:27,273] multiqc                                            [DEBUG  ]  No samples found: bowtie2
[2019-08-01 12:52:27,275] multiqc                                            [DEBUG  ]  No samples found: bowtie1
[2019-08-01 12:52:27,277] multiqc                                            [DEBUG  ]  No samples found: kat
[2019-08-01 12:52:27,279] multiqc                                            [DEBUG  ]  No samples found: leehom
[2019-08-01 12:52:27,281] multiqc                                            [DEBUG  ]  No samples found: adapterRemoval
[2019-08-01 12:52:27,283] multiqc                                            [DEBUG  ]  No samples found: clipandmerge
[2019-08-01 12:52:27,285] multiqc                                            [DEBUG  ]  No samples found: cutadapt
[2019-08-01 12:52:27,287] multiqc                                            [DEBUG  ]  No samples found: flexbar
[2019-08-01 12:52:27,289] multiqc                                            [DEBUG  ]  No samples found: trimmomatic
[2019-08-01 12:52:27,291] multiqc                                            [DEBUG  ]  No samples found: skewer
[2019-08-01 12:52:27,293] multiqc                                            [DEBUG  ]  No samples found: sortmerna
[2019-08-01 12:52:27,295] multiqc                                            [DEBUG  ]  No samples found: biobloomtools
[2019-08-01 12:52:27,298] multiqc                                            [DEBUG  ]  No samples found: fastq_screen
[2019-08-01 12:52:27,300] multiqc                                            [DEBUG  ]  No samples found: afterqc
[2019-08-01 12:52:27,302] multiqc                                            [DEBUG  ]  No samples found: fastp
[2019-08-01 12:52:27,311] multiqc.modules.fastqc.fastqc                      [INFO   ]  Found 2 reports
[2019-08-01 12:52:27,361] multiqc                                            [DEBUG  ]  No samples found: minionqc
[2019-08-01 12:52:27,363] multiqc                                            [DEBUG  ]  No samples found: clusterflow
[2019-08-01 12:52:27,366] multiqc                                            [DEBUG  ]  No samples found: bcl2fastq
[2019-08-01 12:52:27,368] multiqc                                            [DEBUG  ]  No samples found: interop
[2019-08-01 12:52:27,370] multiqc                                            [DEBUG  ]  No samples found: flash
[2019-08-01 12:52:27,372] multiqc                                            [INFO   ]  Compressing plot data
[2019-08-01 12:52:27,418] multiqc                                            [INFO   ]  Report      : multiqc_report.html
[2019-08-01 12:52:27,418] multiqc                                            [INFO   ]  Data        : multiqc_data
[2019-08-01 12:52:27,418] multiqc                                            [DEBUG  ]  Moving data file from '/tmp/tmp2TSvET/multiqc_data/multiqc_general_stats.txt' to '/home/sandro/Programas/ESCLAVO/0-fastq16s/multiqc_data'
[2019-08-01 12:52:27,419] multiqc                                            [DEBUG  ]  Moving data file from '/tmp/tmp2TSvET/multiqc_data/multiqc_fastqc.txt' to '/home/sandro/Programas/ESCLAVO/0-fastq16s/multiqc_data'
[2019-08-01 12:52:27,419] multiqc                                            [DEBUG  ]  Moving data file from '/tmp/tmp2TSvET/multiqc_data/multiqc_data.json' to '/home/sandro/Programas/ESCLAVO/0-fastq16s/multiqc_data'
[2019-08-01 12:52:27,419] multiqc                                            [DEBUG  ]  Moving data file from '/tmp/tmp2TSvET/multiqc_data/multiqc_sources.txt' to '/home/sandro/Programas/ESCLAVO/0-fastq16s/multiqc_data'
[2019-08-01 12:52:27,489] multiqc                                            [INFO   ]  MultiQC complete
