[2019-07-26 16:28:18,732] multiqc                                            [DEBUG  ]  No MultiQC config found: /home/sandro/.local/lib/python2.7/site-packages/multiqc_config.yaml
[2019-07-26 16:28:18,732] multiqc                                            [DEBUG  ]  No MultiQC config found: /home/sandro/.multiqc_config.yaml
[2019-07-26 16:28:18,733] multiqc                                            [DEBUG  ]  No MultiQC config found: multiqc_config.yaml
[2019-07-26 16:28:18,733] multiqc                                            [DEBUG  ]  Command used: /home/sandro/.local/bin/multiqc .
[2019-07-26 16:28:20,643] multiqc                                            [DEBUG  ]  Latest MultiQC version is v1.7
[2019-07-26 16:28:20,643] multiqc                                            [INFO   ]  This is MultiQC v1.7
[2019-07-26 16:28:20,643] multiqc                                            [DEBUG  ]  Command     : /home/sandro/.local/bin/multiqc .
[2019-07-26 16:28:20,643] multiqc                                            [DEBUG  ]  Working dir : /home/sandro/Programas/ESCLAVO/0-fastq
[2019-07-26 16:28:20,644] multiqc                                            [INFO   ]  Template    : default
[2019-07-26 16:28:20,644] multiqc                                            [INFO   ]  Searching '.'
[2019-07-26 16:28:20,645] multiqc                                            [DEBUG  ]  Analysing modules: custom_content, conpair, peddy, methylQA, phantompeakqualtools, qualimap, preseq, quast, qorts, rna_seqc, rsem, rseqc, busco, goleft_indexcov, disambiguate, supernova, deeptools, sargasso, verifybamid, mirtrace, happy, homer, macs2, theta2, snpeff, gatk, htseq, bcftools, featureCounts, dedup, damageprofiler, picard, prokka, samblaster, samtools, bamtools, jellyfish, vcftools, longranger, stacks, bbmap, bismark, biscuit, hicexplorer, hicup, hicpro, salmon, kallisto, slamdunk, star, hisat2, tophat, bowtie2, bowtie1, kat, leehom, adapterRemoval, clipandmerge, cutadapt, flexbar, trimmomatic, skewer, sortmerna, biobloomtools, fastq_screen, afterqc, fastp, fastqc, minionqc, clusterflow, bcl2fastq, interop, flash
[2019-07-26 16:28:20,645] multiqc                                            [DEBUG  ]  Using temporary directory for creating report: /tmp/tmpWBrXL0
[2019-07-26 16:28:20,745] multiqc                                            [DEBUG  ]  Ignoring file as matched an ignore pattern: GM1575-2_r1_fastqc.html
[2019-07-26 16:28:20,746] multiqc                                            [DEBUG  ]  Ignoring file as matched an ignore pattern: GM1575-1_r1_fastqc.html
[2019-07-26 16:28:20,746] multiqc                                            [DEBUG  ]  Ignoring file as matched an ignore pattern: GM1575-3_r2_fastqc.html
[2019-07-26 16:28:20,746] multiqc                                            [DEBUG  ]  Ignoring file as matched an ignore pattern: GM1575-1_r1.fastq.gz
[2019-07-26 16:28:20,746] multiqc                                            [DEBUG  ]  Ignoring file as matched an ignore pattern: GM1575-2_r2_fastqc.html
[2019-07-26 16:28:20,746] multiqc                                            [DEBUG  ]  Ignoring file as matched an ignore pattern: GM1575-3_r2.fastq.gz
[2019-07-26 16:28:20,746] multiqc                                            [DEBUG  ]  Ignoring file as matched an ignore pattern: GM1575-3_r1_fastqc.html
[2019-07-26 16:28:20,761] multiqc                                            [DEBUG  ]  Ignoring file as matched an ignore pattern: GM1575-2_r2.fastq.gz
[2019-07-26 16:28:20,771] multiqc                                            [DEBUG  ]  Ignoring file as matched an ignore pattern: GM1575-3_r1.fastq.gz
[2019-07-26 16:28:20,771] multiqc                                            [DEBUG  ]  Ignoring file as matched an ignore pattern: GM1575-1_r2.fastq.gz
[2019-07-26 16:28:20,771] multiqc                                            [DEBUG  ]  Ignoring file as matched an ignore pattern: GM1575-2_r1.fastq.gz
[2019-07-26 16:28:20,773] multiqc                                            [DEBUG  ]  Ignoring file as matched an ignore pattern: GM1575-1_r2_fastqc.html
[2019-07-26 16:28:20,929] multiqc                                            [DEBUG  ]  No samples found: custom_content
[2019-07-26 16:28:20,932] multiqc                                            [DEBUG  ]  No samples found: conpair
[2019-07-26 16:28:20,934] multiqc                                            [DEBUG  ]  No samples found: peddy
[2019-07-26 16:28:20,936] multiqc                                            [DEBUG  ]  No samples found: methylQA
[2019-07-26 16:28:20,939] multiqc                                            [DEBUG  ]  No samples found: phantompeakqualtools
[2019-07-26 16:28:20,941] multiqc                                            [DEBUG  ]  No samples found: qualimap
[2019-07-26 16:28:20,943] multiqc                                            [DEBUG  ]  No samples found: preseq
[2019-07-26 16:28:20,946] multiqc                                            [DEBUG  ]  No samples found: quast
[2019-07-26 16:28:20,948] multiqc                                            [DEBUG  ]  No samples found: qorts
[2019-07-26 16:28:20,950] multiqc                                            [DEBUG  ]  No samples found: rna_seqc
[2019-07-26 16:28:20,952] multiqc                                            [DEBUG  ]  No samples found: rsem
[2019-07-26 16:28:20,981] multiqc                                            [DEBUG  ]  No samples found: rseqc
[2019-07-26 16:28:20,984] multiqc                                            [DEBUG  ]  No samples found: busco
[2019-07-26 16:28:20,987] multiqc                                            [DEBUG  ]  No samples found: goleft_indexcov
[2019-07-26 16:28:20,990] multiqc                                            [DEBUG  ]  No samples found: disambiguate
[2019-07-26 16:28:20,993] multiqc                                            [DEBUG  ]  No samples found: supernova
[2019-07-26 16:28:20,996] multiqc                                            [DEBUG  ]  No samples found: deeptools
[2019-07-26 16:28:20,999] multiqc                                            [DEBUG  ]  No samples found: sargasso
[2019-07-26 16:28:21,001] multiqc                                            [DEBUG  ]  No samples found: verifybamid
[2019-07-26 16:28:21,003] multiqc                                            [DEBUG  ]  No samples found: mirtrace
[2019-07-26 16:28:21,006] multiqc                                            [DEBUG  ]  No samples found: happy
[2019-07-26 16:28:21,008] multiqc                                            [DEBUG  ]  No samples found: homer
[2019-07-26 16:28:21,010] multiqc                                            [DEBUG  ]  No samples found: macs2
[2019-07-26 16:28:21,012] multiqc                                            [DEBUG  ]  No samples found: theta2
[2019-07-26 16:28:21,015] multiqc                                            [DEBUG  ]  No samples found: snpeff
[2019-07-26 16:28:21,017] multiqc                                            [DEBUG  ]  No samples found: gatk
[2019-07-26 16:28:21,019] multiqc                                            [DEBUG  ]  No samples found: htseq
[2019-07-26 16:28:21,022] multiqc                                            [DEBUG  ]  No samples found: bcftools
[2019-07-26 16:28:21,024] multiqc                                            [DEBUG  ]  No samples found: featureCounts
[2019-07-26 16:28:21,026] multiqc                                            [DEBUG  ]  No samples found: dedup
[2019-07-26 16:28:21,028] multiqc                                            [DEBUG  ]  No samples found: damageprofiler
[2019-07-26 16:28:21,031] multiqc                                            [DEBUG  ]  No samples found: picard
[2019-07-26 16:28:21,033] multiqc                                            [DEBUG  ]  No samples found: prokka
[2019-07-26 16:28:21,036] multiqc                                            [DEBUG  ]  No samples found: samblaster
[2019-07-26 16:28:21,038] multiqc                                            [DEBUG  ]  No samples found: samtools
[2019-07-26 16:28:21,040] multiqc                                            [DEBUG  ]  No samples found: bamtools
[2019-07-26 16:28:21,042] multiqc                                            [DEBUG  ]  No samples found: jellyfish
[2019-07-26 16:28:21,045] multiqc                                            [DEBUG  ]  No samples found: vcftools
[2019-07-26 16:28:21,047] multiqc                                            [DEBUG  ]  No samples found: longranger
[2019-07-26 16:28:21,049] multiqc                                            [DEBUG  ]  No samples found: stacks
[2019-07-26 16:28:21,052] multiqc                                            [DEBUG  ]  No samples found: bbmap
[2019-07-26 16:28:21,054] multiqc                                            [DEBUG  ]  No samples found: bismark
[2019-07-26 16:28:21,057] multiqc                                            [DEBUG  ]  No samples found: biscuit
[2019-07-26 16:28:21,059] multiqc                                            [DEBUG  ]  No samples found: hicexplorer
[2019-07-26 16:28:21,061] multiqc                                            [DEBUG  ]  No samples found: hicup
[2019-07-26 16:28:21,063] multiqc                                            [DEBUG  ]  No samples found: hicpro
[2019-07-26 16:28:21,065] multiqc                                            [DEBUG  ]  No samples found: salmon
[2019-07-26 16:28:21,067] multiqc                                            [DEBUG  ]  No samples found: kallisto
[2019-07-26 16:28:21,069] multiqc                                            [DEBUG  ]  No samples found: slamdunk
[2019-07-26 16:28:21,071] multiqc                                            [DEBUG  ]  No samples found: star
[2019-07-26 16:28:21,073] multiqc                                            [DEBUG  ]  No samples found: hisat2
[2019-07-26 16:28:21,075] multiqc                                            [DEBUG  ]  No samples found: tophat
[2019-07-26 16:28:21,078] multiqc                                            [DEBUG  ]  No samples found: bowtie2
[2019-07-26 16:28:21,080] multiqc                                            [DEBUG  ]  No samples found: bowtie1
[2019-07-26 16:28:21,082] multiqc                                            [DEBUG  ]  No samples found: kat
[2019-07-26 16:28:21,084] multiqc                                            [DEBUG  ]  No samples found: leehom
[2019-07-26 16:28:21,086] multiqc                                            [DEBUG  ]  No samples found: adapterRemoval
[2019-07-26 16:28:21,088] multiqc                                            [DEBUG  ]  No samples found: clipandmerge
[2019-07-26 16:28:21,090] multiqc                                            [DEBUG  ]  No samples found: cutadapt
[2019-07-26 16:28:21,092] multiqc                                            [DEBUG  ]  No samples found: flexbar
[2019-07-26 16:28:21,094] multiqc                                            [DEBUG  ]  No samples found: trimmomatic
[2019-07-26 16:28:21,096] multiqc                                            [DEBUG  ]  No samples found: skewer
[2019-07-26 16:28:21,098] multiqc                                            [DEBUG  ]  No samples found: sortmerna
[2019-07-26 16:28:21,100] multiqc                                            [DEBUG  ]  No samples found: biobloomtools
[2019-07-26 16:28:21,102] multiqc                                            [DEBUG  ]  No samples found: fastq_screen
[2019-07-26 16:28:21,104] multiqc                                            [DEBUG  ]  No samples found: afterqc
[2019-07-26 16:28:21,107] multiqc                                            [DEBUG  ]  No samples found: fastp
[2019-07-26 16:28:21,139] multiqc.modules.fastqc.fastqc                      [INFO   ]  Found 6 reports
[2019-07-26 16:28:21,251] multiqc                                            [DEBUG  ]  No samples found: minionqc
[2019-07-26 16:28:21,254] multiqc                                            [DEBUG  ]  No samples found: clusterflow
[2019-07-26 16:28:21,256] multiqc                                            [DEBUG  ]  No samples found: bcl2fastq
[2019-07-26 16:28:21,258] multiqc                                            [DEBUG  ]  No samples found: interop
[2019-07-26 16:28:21,260] multiqc                                            [DEBUG  ]  No samples found: flash
[2019-07-26 16:28:21,266] multiqc                                            [INFO   ]  Compressing plot data
[2019-07-26 16:28:21,411] multiqc                                            [INFO   ]  Report      : multiqc_report.html
[2019-07-26 16:28:21,411] multiqc                                            [INFO   ]  Data        : multiqc_data
[2019-07-26 16:28:21,411] multiqc                                            [DEBUG  ]  Moving data file from '/tmp/tmpWBrXL0/multiqc_data/multiqc_general_stats.txt' to '/home/sandro/Programas/ESCLAVO/0-fastq/multiqc_data'
[2019-07-26 16:28:21,411] multiqc                                            [DEBUG  ]  Moving data file from '/tmp/tmpWBrXL0/multiqc_data/multiqc_fastqc.txt' to '/home/sandro/Programas/ESCLAVO/0-fastq/multiqc_data'
[2019-07-26 16:28:21,411] multiqc                                            [DEBUG  ]  Moving data file from '/tmp/tmpWBrXL0/multiqc_data/multiqc_data.json' to '/home/sandro/Programas/ESCLAVO/0-fastq/multiqc_data'
[2019-07-26 16:28:21,411] multiqc                                            [DEBUG  ]  Moving data file from '/tmp/tmpWBrXL0/multiqc_data/multiqc_sources.txt' to '/home/sandro/Programas/ESCLAVO/0-fastq/multiqc_data'
[2019-07-26 16:28:21,487] multiqc                                            [INFO   ]  MultiQC complete
